[RUN ] docker run --user 1017 --rm -w /mnt -v /home/aman/reproducible-central/results/io.github.chains-project/maven-lockfile/buildcache/maven-lockfile:/mnt -v /home/aman/reproducible-central/results/io.github.chains-project/maven-lockfile/buildcache/maven-lockfile/github_action/target/maven-lockfile-github-action-3.4.0.jar:/github_action/target/maven-lockfile-github-action-3.4.0.jar -v /home/aman/reproducible-central/results/io.github.chains-project/maven-lockfile/3.4.0:/output algomaster99/jnorm -o -n -s -a -p -i /github_action/target/maven-lockfile-github-action-3.4.0.jar -d /output/maven-lockfile-github-action-3.4.0.jar/jNorm/rebuild/ 
[90m
Running jNorm with the following configuration: -o -n -s -a -p -i /github_action/target/maven-lockfile-github-action-3.4.0.jar -d /output/maven-lockfile-github-action-3.4.0.jar/jNorm/rebuild/
Class names not equal! org.kohsuke.github.extras.HttpClientGitHubConnector$HttpClientGitHubConnectorResponse != META-INF.versions.11.org.kohsuke.github.extras.HttpClientGitHubConnector$HttpClientGitHubConnectorResponse
Class names not equal! org.kohsuke.github.extras.HttpClientGitHubConnector != META-INF.versions.11.org.kohsuke.github.extras.HttpClientGitHubConnector
Class names not equal! org.eclipse.yasson.internal.ClassMultiReleaseExtension != META-INF.versions.16.org.eclipse.yasson.internal.ClassMultiReleaseExtension
Class names not equal! io.vertx.core.DeploymentOptions != META-INF.versions.11.io.vertx.core.DeploymentOptions
Class names not equal! io.vertx.core.impl.LoaderManager != META-INF.versions.11.io.vertx.core.impl.LoaderManager
Class names not equal! org.yaml.snakeyaml.internal.Logger != META-INF.versions.9.org.yaml.snakeyaml.internal.Logger
Class names not equal! org.yaml.snakeyaml.internal.Logger$Level != META-INF.versions.9.org.yaml.snakeyaml.internal.Logger$Level
Class names not equal! com.fasterxml.jackson.core.io.doubleparser.FastIntegerMath != META-INF.versions.19.com.fasterxml.jackson.core.io.doubleparser.FastIntegerMath
Class names not equal! com.fasterxml.jackson.core.io.doubleparser.FastIntegerMath$UInt128 != META-INF.versions.19.com.fasterxml.jackson.core.io.doubleparser.FastIntegerMath$UInt128
Class names not equal! com.fasterxml.jackson.core.io.doubleparser.FastDoubleSwar != META-INF.versions.19.com.fasterxml.jackson.core.io.doubleparser.FastDoubleSwar
Class names not equal! com.fasterxml.jackson.core.io.doubleparser.FastIntegerMath != META-INF.versions.17.com.fasterxml.jackson.core.io.doubleparser.FastIntegerMath
Class names not equal! com.fasterxml.jackson.core.io.doubleparser.FastIntegerMath$UInt128 != META-INF.versions.17.com.fasterxml.jackson.core.io.doubleparser.FastIntegerMath$UInt128
Class names not equal! com.fasterxml.jackson.core.io.doubleparser.FastDoubleSwar != META-INF.versions.17.com.fasterxml.jackson.core.io.doubleparser.FastDoubleSwar
Class names not equal! com.fasterxml.jackson.core.io.doubleparser.FastIntegerMath != META-INF.versions.11.com.fasterxml.jackson.core.io.doubleparser.FastIntegerMath
Class names not equal! com.fasterxml.jackson.core.io.doubleparser.FastIntegerMath$UInt128 != META-INF.versions.11.com.fasterxml.jackson.core.io.doubleparser.FastIntegerMath$UInt128
Class names not equal! com.fasterxml.jackson.core.io.doubleparser.FastDoubleSwar != META-INF.versions.11.com.fasterxml.jackson.core.io.doubleparser.FastDoubleSwar
Class names not equal! com.fasterxml.jackson.core.io.doubleparser.BigSignificand != META-INF.versions.11.com.fasterxml.jackson.core.io.doubleparser.BigSignificand
Class names not equal! org.jboss.logmanager.JDKSpecific$GetStackWalkerAction != META-INF.versions.9.org.jboss.logmanager.JDKSpecific$GetStackWalkerAction
Class names not equal! org.jboss.logmanager.JDKSpecific != META-INF.versions.9.org.jboss.logmanager.JDKSpecific
Class names not equal! org.jboss.logmanager.JDKSpecific$CallerCalcFunction != META-INF.versions.9.org.jboss.logmanager.JDKSpecific$CallerCalcFunction
Class names not equal! org.jboss.logmanager.LogLevelInitTask != META-INF.versions.9.org.jboss.logmanager.LogLevelInitTask
Class names not equal! org.jboss.logmanager.formatters.StackTraceFormatter != META-INF.versions.9.org.jboss.logmanager.formatters.StackTraceFormatter
Class names not equal! org.jboss.threads.JDKSpecific != META-INF.versions.9.org.jboss.threads.JDKSpecific
Class names not equal! org.wildfly.common.archive.JDKSpecific != META-INF.versions.11.org.wildfly.common.archive.JDKSpecific
Class names not equal! org.wildfly.common.os.ProcessRedirect != META-INF.versions.9.org.wildfly.common.os.ProcessRedirect
Class names not equal! org.wildfly.common.os.GetProcessInfoAction != META-INF.versions.9.org.wildfly.common.os.GetProcessInfoAction
Class names not equal! org.wildfly.common.cpu.ProcessorInfo != META-INF.versions.9.org.wildfly.common.cpu.ProcessorInfo
Class names not equal! org.wildfly.common.lock.Substitutions != META-INF.versions.9.org.wildfly.common.lock.Substitutions
Class names not equal! org.wildfly.common.lock.JDKSpecific$1 != META-INF.versions.9.org.wildfly.common.lock.JDKSpecific$1
Class names not equal! org.wildfly.common.lock.JDKSpecific != META-INF.versions.9.org.wildfly.common.lock.JDKSpecific
Class names not equal! org.wildfly.common.lock.Substitutions$Target_PauseNode != META-INF.versions.9.org.wildfly.common.lock.Substitutions$Target_PauseNode
Class names not equal! org.wildfly.common.lock.Substitutions$Target_JDKSpecific != META-INF.versions.9.org.wildfly.common.lock.Substitutions$Target_JDKSpecific
Class names not equal! io.quarkus.fs.util.FileSystemHelper != META-INF.versions.13.io.quarkus.fs.util.FileSystemHelper
