2024-11-28 15:12:52 - Reference Rebuild mismatch: org.apache.synapse:Apache-Synapse:3.0.2 synapse-core-3.0.2-test-lib.zip
2024-11-28 15:12:52 - Reference Rebuild mismatch: org.apache.synapse:Apache-Synapse:3.0.2 synapse-core-3.0.2-eiptest-lib.zip
2024-11-28 15:12:53 - Reference Rebuild mismatch: org.apache.synapse:Apache-Synapse:3.0.2 synapse-core-3.0.2-eipcore-lib.zip
2024-11-28 15:12:54 - Reference Rebuild mismatch: org.apache.synapse:Apache-Synapse:3.0.2 synapse-distribution-3.0.2-bin.zip
2024-11-28 15:12:54 - Reference Rebuild mismatch: org.apache.synapse:Apache-Synapse:3.0.2 synapse-distribution-3.0.2-src.zip
2024-11-28 15:16:08 - Reference Rebuild mismatch: org.owasp:dependency-check-parent:6.5.3 dependency-check-cli-6.5.3-sources.jar
2024-11-28 15:16:08 - Reference Rebuild mismatch: org.owasp:dependency-check-parent:6.5.3 dependency-check-cli-6.5.3-release.zip
2024-11-28 15:16:08 - Reference Rebuild mismatch: org.owasp:dependency-check-parent:6.5.2 dependency-check-cli-6.5.2-sources.jar
2024-11-28 15:16:08 - Reference Rebuild mismatch: org.owasp:dependency-check-parent:6.5.2 dependency-check-cli-6.5.2-release.zip
2024-11-28 15:16:09 - Reference Rebuild mismatch: org.owasp:dependency-check-parent:7.1.0 dependency-check-cli-7.1.0.jar
2024-11-28 15:16:09 - Reference Rebuild mismatch: org.owasp:dependency-check-parent:7.1.0 dependency-check-cli-7.1.0-release.zip
2024-11-28 15:16:10 - Reference Rebuild mismatch: org.owasp:dependency-check-parent:7.0.4 dependency-check-cli-7.0.4.jar
2024-11-28 15:16:10 - Reference Rebuild mismatch: org.owasp:dependency-check-parent:7.0.4 dependency-check-cli-7.0.4-sources.jar
2024-11-28 15:16:10 - Reference Rebuild mismatch: org.owasp:dependency-check-parent:7.0.4 dependency-check-cli-7.0.4-release.zip
2024-11-28 15:16:11 - Reference Rebuild mismatch: org.owasp:dependency-check-parent:7.0.1 dependency-check-cli-7.0.1.jar
2024-11-28 15:16:11 - Reference Rebuild mismatch: org.owasp:dependency-check-parent:7.0.1 dependency-check-cli-7.0.1-sources.jar
2024-11-28 15:16:11 - Reference Rebuild mismatch: org.owasp:dependency-check-parent:7.0.1 dependency-check-cli-7.0.1-release.zip
2024-11-28 15:16:12 - Reference Rebuild mismatch: org.owasp:dependency-check-parent:6.5.0 dependency-check-cli-6.5.0-sources.jar
2024-11-28 15:16:12 - Reference Rebuild mismatch: org.owasp:dependency-check-parent:6.5.0 dependency-check-cli-6.5.0-release.zip
2024-11-28 15:16:12 - Reference Rebuild mismatch: org.owasp:dependency-check-parent:7.2.1 dependency-check-cli-7.2.1.jar
2024-11-28 15:16:12 - Reference Rebuild mismatch: org.owasp:dependency-check-parent:7.2.1 dependency-check-cli-7.2.1-release.zip
2024-11-28 15:16:13 - Reference Rebuild mismatch: org.owasp:dependency-check-parent:7.0.3 dependency-check-cli-7.0.3.jar
2024-11-28 15:16:13 - Reference Rebuild mismatch: org.owasp:dependency-check-parent:7.0.3 dependency-check-cli-7.0.3-sources.jar
2024-11-28 15:16:13 - Reference Rebuild mismatch: org.owasp:dependency-check-parent:7.0.3 dependency-check-cli-7.0.3-release.zip
2024-11-28 15:16:14 - Reference Rebuild mismatch: org.owasp:dependency-check-parent:6.5.1 dependency-check-cli-6.5.1-sources.jar
2024-11-28 15:16:14 - Reference Rebuild mismatch: org.owasp:dependency-check-parent:6.5.1 dependency-check-cli-6.5.1-release.zip
2024-11-28 15:16:14 - Reference Rebuild mismatch: org.owasp:dependency-check-parent:7.1.2 dependency-check-cli-7.1.2.jar
2024-11-28 15:16:15 - Reference Rebuild mismatch: org.owasp:dependency-check-parent:7.1.2 dependency-check-cli-7.1.2-release.zip
2024-11-28 15:16:15 - Reference Rebuild mismatch: org.owasp:dependency-check-parent:7.0.2 dependency-check-cli-7.0.2.jar
2024-11-28 15:16:15 - Reference Rebuild mismatch: org.owasp:dependency-check-parent:7.0.2 dependency-check-cli-7.0.2-sources.jar
2024-11-28 15:16:16 - Reference Rebuild mismatch: org.owasp:dependency-check-parent:7.0.2 dependency-check-cli-7.0.2-release.zip
2024-11-28 15:16:16 - Reference Rebuild mismatch: org.owasp:dependency-check-parent:7.0.0 dependency-check-cli-7.0.0.jar
2024-11-28 15:16:16 - Reference Rebuild mismatch: org.owasp:dependency-check-parent:7.0.0 dependency-check-cli-7.0.0-sources.jar
2024-11-28 15:16:16 - Reference Rebuild mismatch: org.owasp:dependency-check-parent:7.0.0 dependency-check-cli-7.0.0-release.zip
2024-11-28 15:16:17 - Reference Rebuild mismatch: org.owasp:dependency-check-parent:7.3.0 dependency-check-cli-7.3.0.jar
2024-11-28 15:16:17 - Reference Rebuild mismatch: org.owasp:dependency-check-parent:7.3.0 dependency-check-cli-7.3.0-release.zip
2024-11-28 15:16:18 - Reference Rebuild mismatch: org.owasp:dependency-check-parent:7.2.0 dependency-check-cli-7.2.0.jar
2024-11-28 15:16:18 - Reference Rebuild mismatch: org.owasp:dependency-check-parent:7.2.0 dependency-check-cli-7.2.0-release.zip
2024-11-28 15:16:19 - Reference Rebuild mismatch: org.apache.drill:drill-root:1.20.0 drill-root-1.20.0.zip
2024-11-28 15:16:46 - Reference Rebuild mismatch: org.apache.drill:drill-root:1.20.0 drill-hive-exec-shaded-1.20.0-jar.jar
2024-11-28 15:17:06 - Reference Rebuild mismatch: org.apache.drill:drill-root:1.21.1 drill-root-1.21.1.zip
2024-11-28 15:17:23 - Reference Rebuild mismatch: org.apache.drill:drill-root:1.21.1 drill-hive-exec-shaded-1.21.1-jar.jar
2024-11-28 15:17:41 - Reference Rebuild mismatch: org.apache.drill:drill-root:1.21.0 drill-root-1.21.0.zip
2024-11-28 15:18:09 - Reference Rebuild mismatch: org.apache.drill:drill-root:1.21.0 drill-hive-exec-shaded-1.21.0-jar.jar
