Starting project us.abstracta.jmeter:jmeter-java-dsl-parent:1.3
us.abstracta.jmeter:jmeter-java-dsl-parent:1.3:ok=32:ko=0
Starting project de.unentscheidbar:migratedb:1.1.0
Starting project io.github.zlika:reproducible-build-maven-plugin:0.17
io.github.zlika:reproducible-build-maven-plugin:0.17:ok=4:ko=0
Starting project io.smallrye:jandex-parent:3.1.0
io.smallrye:jandex-parent:3.1.0:ok=9:ko=2
Starting project io.dwpbank.movewp3:microservice-security-autoconfiguration:3.0.1
io.dwpbank.movewp3:microservice-security-autoconfiguration:3.0.1:ok=1:ko=2
Starting project de.jflex:jflex-parent:1.9.1
de.jflex:jflex-parent:1.9.1:ok=8:ko=0
Starting project org.webjars:jszip:3.10.1
org.webjars:jszip:3.10.1:ok=2:ko=0
Starting project org.webjars:highcharts:10.3.3
org.webjars:highcharts:10.3.3:ok=2:ko=0
Starting project org.webjars:webjars-locator-core:0.52
Starting project org.webjars:webjars-locator:0.46
Starting project org.webjars:swagger-ui:5.15.1
org.webjars:swagger-ui:5.15.1:ok=2:ko=0
Starting project org.webjars:openlayers:8.2.0
org.webjars:openlayers:8.2.0:ok=2:ko=0
Starting project org.webjars:redoc:2.1.1
org.webjars:redoc:2.1.1:ok=2:ko=0
Starting project org.webjars:angularjs:1.8.3
org.webjars:angularjs:1.8.3:ok=2:ko=0
Starting project org.webjars:uswds:3.4.1
org.webjars:uswds:3.4.1:ok=2:ko=0
Starting project org.webjars:bootstrap:5.2.3
org.webjars:bootstrap:5.2.3:ok=2:ko=0
Starting project org.webjars:flexmonster:2.9.28
org.webjars:flexmonster:2.9.28:ok=2:ko=0
Starting project org.webjars:font-awesome:6.2.1
org.webjars:font-awesome:6.2.1:ok=2:ko=0
Starting project io.micronaut.build:micronaut-maven-plugin:1.0.0
io.micronaut.build:micronaut-maven-plugin:1.0.0:ok=3:ko=0
Starting project org.simplify4u.plugins:pgpverify-maven-plugin:1.12.0
Starting project org.simplify4u.plugins:sign-maven-plugin:1.0.1
org.simplify4u.plugins:sign-maven-plugin:1.0.1:ok=3:ko=0
Starting project org.cyclonedx:cyclonedx-core-java:7.1.5
org.cyclonedx:cyclonedx-core-java:7.1.5:ok=3:ko=2
Starting project org.cyclonedx:cyclonedx-maven-plugin:2.7.9
org.cyclonedx:cyclonedx-maven-plugin:2.7.9:ok=3:ko=0
Starting project io.dropwizard:dropwizard-project:2.0.14
Starting project eu.europa.ec.joinup.sat:jdplus-nowcasting:2.0.0
eu.europa.ec.joinup.sat:jdplus-nowcasting:2.0.0:ok=12:ko=0
Starting project biz.aQute.bnd:bnd-plugin-parent:7.0.0
biz.aQute.bnd:bnd-plugin-parent:7.0.0:ok=28:ko=0
Starting project io.github.hboutemy:sigstore-maven-plugin:1.0.0-beta-3
io.github.hboutemy:sigstore-maven-plugin:1.0.0-beta-3:ok=3:ko=0
Starting project de.gematik.pki:gemLibPki:2.1.1
de.gematik.pki:gemLibPki:2.1.1:ok=3:ko=0
Starting project io.takari.maven:takari-smart-builder:1.0.0
io.takari.maven:takari-smart-builder:1.0.0:ok=2:ko=1
Starting project io.dropwizard.metrics:metrics-parent:4.1.33
io.dropwizard.metrics:metrics-parent:4.1.33:ok=67:ko=1
Starting project io.wcm.tooling.commons:io.wcm.tooling.commons.crx-packmgr-helper:2.1.0
io.wcm.tooling.commons:io.wcm.tooling.commons.crx-packmgr-helper:2.1.0:ok=3:ko=0
Starting project io.wcm.tooling.commons:io.wcm.tooling.commons.content-package-builder:1.6.0
io.wcm.tooling.commons:io.wcm.tooling.commons.content-package-builder:1.6.0:ok=2:ko=1
Starting project io.dropwizard.metrics5:metrics-parent:5.0.0-rc9
io.dropwizard.metrics5:metrics-parent:5.0.0-rc9:ok=93:ko=2
Starting project io.github.shanqiang-sq:jstream:2.0.4
Starting project io.liftwizard:liftwizard:0.19.0
io.liftwizard:liftwizard:0.19.0:ok=375:ko=0
Starting project io.wcm:io.wcm.wcm.commons:1.7.0
io.wcm:io.wcm.wcm.commons:1.7.0:ok=3:ko=0
Starting project io.wcm:io.wcm.handler.media:1.9.4
io.wcm:io.wcm.handler.media:1.9.4:ok=3:ko=0
Starting project io.wcm:io.wcm.handler.link:1.6.0
io.wcm:io.wcm.handler.link:1.6.0:ok=2:ko=1
Starting project io.wcm:io.wcm.wcm.ui.clientlibs:1.1.0
io.wcm:io.wcm.wcm.ui.clientlibs:1.1.0:ok=3:ko=0
Starting project io.wcm:io.wcm.caconfig.editor.parent:1.8.0
io.wcm:io.wcm.caconfig.editor.parent:1.8.0:ok=3:ko=3
Starting project io.wcm:io.wcm.wcm.ui.granite:1.7.0
Starting project io.wcm:io.wcm.parent_toplevel:1.7.0
io.wcm:io.wcm.parent_toplevel:1.7.0:ok=2:ko=0
Starting project io.wcm:io.wcm.wcm.parsys:1.5.0
io.wcm:io.wcm.wcm.parsys:1.5.0:ok=3:ko=0
Starting project io.wcm:io.wcm.handler.richtext:1.4.0
io.wcm:io.wcm.handler.richtext:1.4.0:ok=1:ko=2
Starting project io.wcm:io.wcm.caconfig.editor.root:1.9.0
io.wcm:io.wcm.caconfig.editor.root:1.9.0:ok=3:ko=5
Starting project org.kocakosm:jblake2:0.5
org.kocakosm:jblake2:0.5:ok=3:ko=0
Starting project io.github.git-commit-id:git-commit-id-maven-plugin:8.0.0
Starting project io.github.derkrischan:jpdftest:0.11.0
io.github.derkrischan:jpdftest:0.11.0:ok=3:ko=0
Starting project de.gematik.pki.gemlibpki:gemLibPki:0.11.0
de.gematik.pki.gemlibpki:gemLibPki:0.11.0:ok=3:ko=0
Starting project io.takari:io.takari.incrementalbuild:1.0.3
io.takari:io.takari.incrementalbuild:1.0.3:ok=16:ko=1
Starting project io.takari:takari-archiver:1.0.2
io.takari:takari-archiver:1.0.2:ok=3:ko=0
Starting project eu.europa.ted.eforms:eforms-core-java:1.0.4
eu.europa.ted.eforms:eforms-core-java:1.0.4:ok=3:ko=0
Starting project eu.europa.ted.eforms:efx-toolkit-java:2.0.0-alpha.1
eu.europa.ted.eforms:efx-toolkit-java:2.0.0-alpha.1:ok=2:ko=1
Starting project eu.europa.ted.eforms:eforms-sdk:1.10.4
eu.europa.ted.eforms:eforms-sdk:1.10.4:ok=3:ko=0
Starting project io.trino:trino-root:448
Starting project org.antlr:antlr4-master:4.13.1
org.antlr:antlr4-master:4.13.1:ok=15:ko=0
Starting project jakarta.persistence:jakarta.persistence-api:3.2.0
jakarta.persistence:jakarta.persistence-api:3.2.0:ok=4:ko=0
Starting project org.apache.sling:org.apache.sling.distribution.journal:0.4.0
org.apache.sling:org.apache.sling.distribution.journal:0.4.0:ok=4:ko=0
Starting project org.apache.sling:org.apache.sling.installer.provider.file:1.2.2
org.apache.sling:org.apache.sling.installer.provider.file:1.2.2:ok=3:ko=1
Starting project org.apache.sling:org.apache.sling.installer.core:3.11.0
org.apache.sling:org.apache.sling.installer.core:3.11.0:ok=3:ko=1
Starting project org.apache.sling:org.apache.sling.event.api:1.0.4
org.apache.sling:org.apache.sling.event.api:1.0.4:ok=4:ko=0
Starting project org.apache.sling:org.apache.sling.rewriter:1.3.4
org.apache.sling:org.apache.sling.rewriter:1.3.4:ok=3:ko=1
Starting project org.apache.sling:org.apache.sling.resourceresolver:1.8.2
org.apache.sling:org.apache.sling.resourceresolver:1.8.2:ok=4:ko=0
Starting project org.apache.sling:org.apache.sling.scripting.sightly:1.4.12-1.4.0
org.apache.sling:org.apache.sling.scripting.sightly:1.4.12-1.4.0:ok=4:ko=0
Starting project org.apache.sling:org.apache.sling.commons.messaging:1.0.2
org.apache.sling:org.apache.sling.commons.messaging:1.0.2:ok=4:ko=0
Starting project org.apache.sling:org.apache.sling.resource.observation.annotations:1.0.0
org.apache.sling:org.apache.sling.resource.observation.annotations:1.0.0:ok=4:ko=0
Starting project org.apache.sling:org.apache.sling.caconfig.spi:1.4.0
org.apache.sling:org.apache.sling.caconfig.spi:1.4.0:ok=4:ko=0
Starting project org.apache.sling:org.apache.sling.feature.diff:0.1.0
org.apache.sling:org.apache.sling.feature.diff:0.1.0:ok=4:ko=0
Starting project org.apache.sling:org.apache.sling.commons.crypto:1.1.0
org.apache.sling:org.apache.sling.commons.crypto:1.1.0:ok=3:ko=1
Starting project org.apache.sling:org.apache.sling.jcr.packageinit:1.0.4
org.apache.sling:org.apache.sling.jcr.packageinit:1.0.4:ok=4:ko=0
Starting project org.apache.sling:org.apache.sling.javax.activation:0.2.0
org.apache.sling:org.apache.sling.javax.activation:0.2.0:ok=4:ko=1
Starting project org.apache.sling:org.apache.sling.tooling.support.source:1.1.0
org.apache.sling:org.apache.sling.tooling.support.source:1.1.0:ok=4:ko=0
Starting project org.apache.sling:org.apache.sling.launchpad.test-services:12
org.apache.sling:org.apache.sling.launchpad.test-services:12:ok=4:ko=0
Starting project org.apache.sling:org.apache.sling.models.api:1.4.0
org.apache.sling:org.apache.sling.models.api:1.4.0:ok=4:ko=0
Starting project org.apache.sling:org.apache.sling.servlets.annotations:1.2.6
org.apache.sling:org.apache.sling.servlets.annotations:1.2.6:ok=4:ko=0
Starting project org.apache.sling:org.apache.sling.engine:2.7.10
org.apache.sling:org.apache.sling.engine:2.7.10:ok=4:ko=0
Starting project org.apache.sling:org.apache.sling.feature.extension.unpack:0.4.0
org.apache.sling:org.apache.sling.feature.extension.unpack:0.4.0:ok=4:ko=2
Starting project org.apache.sling:org.apache.sling.caconfig.impl:1.6.0
org.apache.sling:org.apache.sling.caconfig.impl:1.6.0:ok=4:ko=0
Starting project org.apache.sling:org.apache.sling.testing.jcr-mock:1.5.4
org.apache.sling:org.apache.sling.testing.jcr-mock:1.5.4:ok=4:ko=0
Starting project org.apache.sling:org.apache.sling.testing.resourceresolver-mock:1.4.6
org.apache.sling:org.apache.sling.testing.resourceresolver-mock:1.4.6:ok=4:ko=0
Starting project org.simplify4u:slf4j-mock:2.1.0
Starting project org.simplify4u:pgp-keys-map:2022.02.05
Starting project io.github.albertus82:unexepack:0.2.1
io.github.albertus82:unexepack:0.2.1:ok=3:ko=2
Starting project io.github.albertus82:jface-utils:19.0.0
io.github.albertus82:jface-utils:19.0.0:ok=3:ko=0
Starting project io.takari.maven.plugins:takari-lifecycle-plugin:2.1.5
io.takari.maven.plugins:takari-lifecycle-plugin:2.1.5:ok=2:ko=2
Starting project io.takari.maven.plugins:takari-plugin-testing-project:3.0.5
io.takari.maven.plugins:takari-plugin-testing-project:3.0.5:ok=5:ko=0
Starting project io.wcm.maven.plugins:nodejs-maven-plugin:3.0.2
Starting project io.wcm.maven.plugins:cq-maven-plugin:1.2.0
io.wcm.maven.plugins:cq-maven-plugin:1.2.0:ok=3:ko=0
Starting project io.github.chains-project:maven-lockfile:3.4.0
io.github.chains-project:maven-lockfile:3.4.0:ok=7:ko=1
Starting project io.telicent.smart-caches.graph:scg-base:0.82.3
io.telicent.smart-caches.graph:scg-base:0.82.3:ok=19:ko=0
Starting project io.cucumber:messages:23.0.0
io.cucumber:messages:23.0.0:ok=3:ko=0
Starting project io.cucumber:html-formatter:20.2.0
io.cucumber:html-formatter:20.2.0:ok=2:ko=1
Starting project io.cucumber:junit-xml-formatter:0.2.0
io.cucumber:junit-xml-formatter:0.2.0:ok=3:ko=0
Starting project io.cucumber:ci-environment:10.0.0
io.cucumber:ci-environment:10.0.0:ok=3:ko=0
Starting project io.cucumber:gherkin:26.1.0
io.cucumber:gherkin:26.1.0:ok=3:ko=0
Starting project io.cucumber:cucumber-jvm:7.11.1
io.cucumber:cucumber-jvm:7.11.1:ok=65:ko=0
Starting project io.cucumber:gherkin-utils:8.0.3
io.cucumber:gherkin-utils:8.0.3:ok=3:ko=0
Starting project io.cucumber:cucumber-expressions:17.0.1
io.cucumber:cucumber-expressions:17.0.1:ok=3:ko=0
Starting project io.cucumber:tag-expressions:6.1.0
io.cucumber:tag-expressions:6.1.0:ok=3:ko=0
Starting project io.micronaut.maven:micronaut-maven-plugin:4.0.0-M5
io.micronaut.maven:micronaut-maven-plugin:4.0.0-M5:ok=13:ko=0
Starting project io.smallrye:jandex-parent:3.1.0
Starting project io.dwpbank.movewp3:microservice-security-autoconfiguration:3.0.1
Starting project de.jflex:jflex-parent:1.9.1
Starting project org.webjars:jszip:3.10.1
Starting project org.webjars:highcharts:10.3.3
Starting project org.webjars:webjars-locator-core:0.52
Starting project org.webjars:webjars-locator:0.46
Starting project org.webjars:swagger-ui:5.15.1
Starting project org.webjars:openlayers:8.2.0
Starting project org.webjars:redoc:2.1.1
Starting project org.webjars:angularjs:1.8.3
Starting project org.webjars:uswds:3.4.1
Starting project org.webjars:bootstrap:5.2.3
Starting project org.webjars:flexmonster:2.9.28
Starting project org.webjars:font-awesome:6.2.1
Starting project io.micronaut.build:micronaut-maven-plugin:1.0.0
Starting project org.simplify4u.plugins:pgpverify-maven-plugin:1.12.0
Starting project org.simplify4u.plugins:sign-maven-plugin:1.0.1
Starting project org.cyclonedx:cyclonedx-core-java:7.1.5
Starting project org.cyclonedx:cyclonedx-maven-plugin:2.7.9
Starting project io.dropwizard:dropwizard-project:2.0.14
Starting project eu.europa.ec.joinup.sat:jdplus-nowcasting:2.0.0
Starting project biz.aQute.bnd:bnd-plugin-parent:7.0.0
Starting project io.github.hboutemy:sigstore-maven-plugin:1.0.0-beta-3
Starting project de.gematik.pki:gemLibPki:2.1.1
Starting project io.takari.maven:takari-smart-builder:1.0.0
Starting project io.dropwizard.metrics:metrics-parent:4.1.33
Starting project io.wcm.tooling.commons:io.wcm.tooling.commons.crx-packmgr-helper:2.1.0
Starting project io.wcm.tooling.commons:io.wcm.tooling.commons.content-package-builder:1.6.0
Starting project io.dropwizard.metrics5:metrics-parent:5.0.0-rc9
Starting project io.github.shanqiang-sq:jstream:2.0.4
Starting project io.liftwizard:liftwizard:0.19.0
Starting project io.wcm:io.wcm.wcm.commons:1.7.0
Starting project io.wcm:io.wcm.handler.media:1.9.4
Starting project io.wcm:io.wcm.handler.link:1.6.0
Starting project io.wcm:io.wcm.wcm.ui.clientlibs:1.1.0
Starting project io.wcm:io.wcm.caconfig.editor.parent:1.8.0
Starting project io.wcm:io.wcm.wcm.ui.granite:1.7.0
Starting project io.wcm:io.wcm.parent_toplevel:1.7.0
Starting project io.wcm:io.wcm.wcm.parsys:1.5.0
Starting project io.wcm:io.wcm.handler.richtext:1.4.0
Starting project io.wcm:io.wcm.caconfig.editor.root:1.9.0
Starting project org.kocakosm:jblake2:0.5
Starting project io.github.git-commit-id:git-commit-id-maven-plugin:8.0.0
Starting project io.github.derkrischan:jpdftest:0.11.0
Starting project de.gematik.pki.gemlibpki:gemLibPki:0.11.0
Starting project io.takari:io.takari.incrementalbuild:1.0.3
Starting project io.takari:takari-archiver:1.0.2
Starting project eu.europa.ted.eforms:eforms-core-java:1.0.4
Starting project eu.europa.ted.eforms:efx-toolkit-java:2.0.0-alpha.1
Starting project eu.europa.ted.eforms:eforms-sdk:1.10.4
Starting project io.trino:trino-root:448
Starting project org.antlr:antlr4-master:4.13.1
Starting project jakarta.persistence:jakarta.persistence-api:3.2.0
Starting project org.apache.sling:org.apache.sling.distribution.journal:0.4.0
Starting project org.apache.sling:org.apache.sling.installer.provider.file:1.2.2
Starting project org.apache.sling:org.apache.sling.installer.core:3.11.0
Starting project org.apache.sling:org.apache.sling.event.api:1.0.4
Starting project org.apache.sling:org.apache.sling.rewriter:1.3.4
Starting project org.apache.sling:org.apache.sling.resourceresolver:1.8.2
Starting project org.apache.sling:org.apache.sling.scripting.sightly:1.4.12-1.4.0
Starting project org.apache.sling:org.apache.sling.commons.messaging:1.0.2
Starting project org.apache.sling:org.apache.sling.resource.observation.annotations:1.0.0
Starting project org.apache.sling:org.apache.sling.caconfig.spi:1.4.0
Starting project org.apache.sling:org.apache.sling.feature.diff:0.1.0
Starting project org.apache.sling:org.apache.sling.commons.crypto:1.1.0
Starting project org.apache.sling:org.apache.sling.jcr.packageinit:1.0.4
Starting project org.apache.sling:org.apache.sling.javax.activation:0.2.0
Starting project org.apache.sling:org.apache.sling.tooling.support.source:1.1.0
Starting project org.apache.sling:org.apache.sling.launchpad.test-services:12
Starting project org.apache.sling:org.apache.sling.models.api:1.4.0
Starting project org.apache.sling:org.apache.sling.servlets.annotations:1.2.6
Starting project org.apache.sling:org.apache.sling.engine:2.7.10
Starting project org.apache.sling:org.apache.sling.feature.extension.unpack:0.4.0
Starting project org.apache.sling:org.apache.sling.caconfig.impl:1.6.0
Starting project org.apache.sling:org.apache.sling.testing.jcr-mock:1.5.4
Starting project org.apache.sling:org.apache.sling.testing.resourceresolver-mock:1.4.6
Starting project org.simplify4u:slf4j-mock:2.1.0
Starting project org.simplify4u:pgp-keys-map:2022.02.05
Starting project io.github.albertus82:unexepack:0.2.1
Starting project io.github.albertus82:jface-utils:19.0.0
Starting project io.takari.maven.plugins:takari-lifecycle-plugin:2.1.5
Starting project io.takari.maven.plugins:takari-plugin-testing-project:3.0.5
Starting project io.wcm.maven.plugins:nodejs-maven-plugin:3.0.2
Starting project io.wcm.maven.plugins:cq-maven-plugin:1.2.0
Starting project io.github.chains-project:maven-lockfile:3.4.0
Starting project io.telicent.smart-caches.graph:scg-base:0.82.3
Starting project io.cucumber:messages:23.0.0
Starting project io.cucumber:html-formatter:20.2.0
Starting project io.cucumber:junit-xml-formatter:0.2.0
Starting project io.cucumber:ci-environment:10.0.0
Starting project io.cucumber:gherkin:26.1.0
Starting project io.cucumber:cucumber-jvm:7.11.1
Starting project io.cucumber:gherkin-utils:8.0.3
Starting project io.cucumber:cucumber-expressions:17.0.1
Starting project io.cucumber:tag-expressions:6.1.0
Starting project io.micronaut.maven:micronaut-maven-plugin:4.0.0-M5
