https://repo.maven.apache.org/maven2/org/apache/aries/cdi/org.apache.aries.cdi.build.tools/1.1.5/                                                           ✔  took 6s  at 19:30:56
Does not matchorg.apache.aries.cdi:org.apache.aries.cdi.build.tools:1.1.5
https://repo.maven.apache.org/maven2/org/apache/aries/cdi/org.apache.aries.cdi.executable/1.1.5/
Does not matchorg.apache.aries.cdi:org.apache.aries.cdi.executable:1.1.5
https://repo.maven.apache.org/maven2/org/apache/aries/cdi/org.apache.aries.cdi.itests/1.1.5/
Does not matchorg.apache.aries.cdi:org.apache.aries.cdi.itests:1.1.5
https://repo.maven.apache.org/maven2/org/apache/aries/cdi/org.apache.aries.cdi.itests/1.1.4/
Does not matchorg.apache.aries.cdi:org.apache.aries.cdi.itests:1.1.4
https://repo.maven.apache.org/maven2/org/apache/aries/cdi/org.apache.aries.cdi.build.tools/1.1.4/
Does not matchorg.apache.aries.cdi:org.apache.aries.cdi.build.tools:1.1.4
https://repo.maven.apache.org/maven2/org/apache/aries/cdi/org.apache.aries.cdi.executable/1.1.4/
Does not matchorg.apache.aries.cdi:org.apache.aries.cdi.executable:1.1.4
Does not matchNone:None:None
Does not matchorg.apache.shiro:shiro-core:1.12.0
Does not matchorg.apache.shiro:shiro-guice:1.12.0
Does not matchorg.apache.shiro:shiro-config-ogdl:1.12.0
Does not matchorg.apache.camel:archetypes:3.13.0
{"diffoscope-json-version": 1, "source1": "/target/reference/org.apache.camel/archetypes-3.13.0-archetype-catalog.xml", "source2": "/archetypes/target/classes/archetype-catalog.xml", "unified_diff": "@@ -1 +1 @@\n-type: directory\n+type: file\n"}

https://repo.maven.apache.org/maven2/pl/com/labaj/autorecord/auto-record-tests/3.0.1/
Does not matchpl.com.labaj.autorecord:auto-record-tests:3.0.1
https://repo.maven.apache.org/maven2/pl/com/labaj/autorecord/doc-examples/3.0.1/
Does not matchpl.com.labaj.autorecord:doc-examples:3.0.1
https://repo.maven.apache.org/maven2/pl/com/labaj/autorecord/arice-tests/1.0.1/
Does not matchpl.com.labaj.autorecord:arice-tests:1.0.1
https://repo.maven.apache.org/maven2/pl/com/labaj/autorecord/doc-examples/3.0.2/
Does not matchpl.com.labaj.autorecord:doc-examples:3.0.2
https://repo.maven.apache.org/maven2/pl/com/labaj/autorecord/arice-tests/1.0.2/
Does not matchpl.com.labaj.autorecord:arice-tests:1.0.2
https://repo.maven.apache.org/maven2/pl/com/labaj/autorecord/auto-record-tests/3.0.2/
Does not matchpl.com.labaj.autorecord:auto-record-tests:3.0.2
https://repo.maven.apache.org/maven2/pl/com/labaj/autorecord/mvn-aggregation/3.0.2/
Does not matchpl.com.labaj.autorecord:mvn-aggregation:3.0.2
https://repo.maven.apache.org/maven2/pl/com/labaj/autorecord/auto-record-tests/3.0.0/
Does not matchpl.com.labaj.autorecord:auto-record-tests:3.0.0
"unified_diff": "@@ -1 +1 @@\n-type: directory\n+type: file\n"}

https://repo.maven.apache.org/maven2/pl/com/labaj/autorecord/doc-examples/3.0.0/
Does not matchpl.com.labaj.autorecord:doc-examples:3.0.0
https://repo.maven.apache.org/maven2/pl/com/labaj/autorecord/arice-tests/1.0.0/
Does not matchpl.com.labaj.autorecord:arice-tests:1.0.0
https://repo.maven.apache.org/maven2/pl/com/labaj/autorecord/auto-record-tests/3.1.0/
Does not matchpl.com.labaj.autorecord:auto-record-tests:3.1.0
https://repo.maven.apache.org/maven2/pl/com/labaj/autorecord/doc-examples/3.1.0/
Does not matchpl.com.labaj.autorecord:doc-examples:3.1.0
https://repo.maven.apache.org/maven2/pl/com/labaj/autorecord/mvn-aggregation/3.1.0/
Does not matchpl.com.labaj.autorecord:mvn-aggregation:3.1.0
https://repo.maven.apache.org/maven2/pl/com/labaj/autorecord/arice-tests/1.1.0/
Does not matchpl.com.labaj.autorecord:arice-tests:1.1.0
https://repo.maven.apache.org/maven2/org/apache/jena/apache-jena-osgi/4.2.0/
Does not matchorg.apache.jena:apache-jena-osgi:4.2.0
https://repo.maven.apache.org/maven2/org/apache/jena/jena-osgi-features/4.2.0/
Does not matchorg.apache.jena:jena-osgi-features:4.2.0
https://repo.maven.apache.org/maven2/org/apache/jena/jena-osgi/4.2.0/
