[RUN ] docker run --user 1017 --rm -w /mnt -v /home/aman/reproducible-central/results/com.google.guava/guava/buildcache/guava:/mnt -v /home/aman/reproducible-central/results/com.google.guava/guava/buildcache/guava/guava/target/guava-32.0.1-jre.jar:/guava/target/guava-32.0.1-jre.jar -v /home/aman/reproducible-central/results/com.google.guava/guava/32.0.1-jre:/output algomaster99/jnorm -o -n -s -a -p -i /guava/target/guava-32.0.1-jre.jar -d /output/guava-32.0.1-jre.jar/jNorm/rebuild/ 
[90m
Running jNorm with the following configuration: -o -n -s -a -p -i /guava/target/guava-32.0.1-jre.jar -d /output/guava-32.0.1-jre.jar/jNorm/rebuild/
[Thread-36] ERROR heros.solver.CountingThreadPoolExecutor - Worker thread execution failed: IntConstant expected
java.lang.IllegalArgumentException: IntConstant expected
	at soot.jimple.IntConstant.multiply(IntConstant.java:88)
	at soot.jimple.toolkits.scalar.Evaluator.getConstantValueOf(Evaluator.java:130)
	at soot.jimple.toolkits.scalar.ConstantPropagatorAndFolder.internalTransform(ConstantPropagatorAndFolder.java:111)
	at soot.BodyTransformer.transform(BodyTransformer.java:47)
	at soot.Transform.apply(Transform.java:126)
	at soot.BodyPack.internalApply(BodyPack.java:49)
	at soot.Pack.apply(Pack.java:126)
	at soot.PackManager.runBodyPacks(PackManager.java:997)
	at soot.PackManager.lambda$runBodyPacks$0(PackManager.java:667)
	at java.base/java.util.concurrent.ThreadPoolExecutor.runWorker(ThreadPoolExecutor.java:1136)
	at java.base/java.util.concurrent.ThreadPoolExecutor$Worker.run(ThreadPoolExecutor.java:635)
	at java.base/java.lang.Thread.run(Thread.java:833)
Exception in thread "Thread-36" java.lang.IllegalArgumentException: IntConstant expected
	at soot.jimple.IntConstant.multiply(IntConstant.java:88)
	at soot.jimple.toolkits.scalar.Evaluator.getConstantValueOf(Evaluator.java:130)
	at soot.jimple.toolkits.scalar.ConstantPropagatorAndFolder.internalTransform(ConstantPropagatorAndFolder.java:111)
	at soot.BodyTransformer.transform(BodyTransformer.java:47)
	at soot.Transform.apply(Transform.java:126)
	at soot.BodyPack.internalApply(BodyPack.java:49)
	at soot.Pack.apply(Pack.java:126)
	at soot.PackManager.runBodyPacks(PackManager.java:997)
	at soot.PackManager.lambda$runBodyPacks$0(PackManager.java:667)
	at java.base/java.util.concurrent.ThreadPoolExecutor.runWorker(ThreadPoolExecutor.java:1136)
	at java.base/java.util.concurrent.ThreadPoolExecutor$Worker.run(ThreadPoolExecutor.java:635)
	at java.base/java.lang.Thread.run(Thread.java:833)
Exception in thread "main" java.lang.IllegalArgumentException: IntConstant expected
	at soot.jimple.IntConstant.multiply(IntConstant.java:88)
	at soot.jimple.toolkits.scalar.Evaluator.getConstantValueOf(Evaluator.java:130)
	at soot.jimple.toolkits.scalar.ConstantPropagatorAndFolder.internalTransform(ConstantPropagatorAndFolder.java:111)
	at soot.BodyTransformer.transform(BodyTransformer.java:47)
	at soot.Transform.apply(Transform.java:126)
	at soot.BodyPack.internalApply(BodyPack.java:49)
	at soot.Pack.apply(Pack.java:126)
	at soot.PackManager.runBodyPacks(PackManager.java:997)
	at soot.PackManager.lambda$runBodyPacks$0(PackManager.java:667)
	at java.base/java.util.concurrent.ThreadPoolExecutor.runWorker(ThreadPoolExecutor.java:1136)
	at java.base/java.util.concurrent.ThreadPoolExecutor$Worker.run(ThreadPoolExecutor.java:635)
	at java.base/java.lang.Thread.run(Thread.java:833)
